<?xml version="1.0" encoding="UTF-8"?>
<!-- Generated by org.testng.reporters.JUnitReportReporter -->
<testsuite hostname="Administrator" failures="0" tests="2" name="practice_package.TS_04" time="0.005" errors="0" timestamp="2023-03-28T15:02:08 IST" skipped="0">
  <testcase classname="practice_package.TS_04" name="script_07" time="0.002"/>
  <system-out>
    <![CDATA[script_07----> test Execution Started
script_07-------->test Execution is SUCCESSFUL]]>
  </system-out>
  <testcase classname="practice_package.TS_04" name="script_08" time="0.003"/>
  <system-out>
    <![CDATA[script_08----> test Execution Started
script_08-------->test Execution is SUCCESSFUL]]>
  </system-out>
</testsuite> <!-- practice_package.TS_04 -->
