<?xml version="1.0" encoding="UTF-8"?>
<!-- Generated by org.testng.reporters.JUnitReportReporter -->
<testsuite hostname="Administrator" failures="0" tests="2" name="practice_package.TS_03" time="0.008" errors="0" timestamp="2023-03-28T15:02:08 IST" skipped="0">
  <testcase classname="practice_package.TS_03" name="script_05" time="0.005"/>
  <system-out>
    <![CDATA[script_05----> test Execution Started
script_05-------->test Execution is SUCCESSFUL]]>
  </system-out>
  <testcase classname="practice_package.TS_03" name="script_06" time="0.003"/>
  <system-out>
    <![CDATA[script_06----> test Execution Started
script_06-------->test Execution is SUCCESSFUL]]>
  </system-out>
</testsuite> <!-- practice_package.TS_03 -->
